<?xml version="1.0" encoding="UTF-8"?>
<testsuite xmlns:xsi="http://www.w3.org/2001/XMLSchema-instance" xsi:noNamespaceSchemaLocation="https://maven.apache.org/surefire/maven-surefire-plugin/xsd/surefire-test-report-3.0.xsd" version="3.0" name="calculator.RunCucumberTest" time="0.185" tests="8" errors="0" skipped="0" failures="0">
  <properties>
[...]
</properties>
  <testcase name="Divide two numbers" classname="Division" time="0.061">
    <system-out><![CDATA[
Scenario: Divide two numbers                                       &amp#27;[90m# calculator/divide.feature:4&amp#27;[0m
  &amp#27;[32mGiven &amp#27;[0m&amp#27;[32mThe calculator is running&amp#27;[0m                                  &amp#27;[90m# calculator.StepDefinitions.the_calculator_is_running()&amp#27;[0m
  &amp#27;[32mWhen &amp#27;[0m&amp#27;[32mI have entered &amp#27;[0m&amp#27;[32m&amp#27;[1m3.0&amp#27;[0m&amp#27;[32m and &amp#27;[0m&amp#27;[32m&amp#27;[1m2.0&amp#27;[0m&amp#27;[32m in the calculator to divide them&amp#27;[0m &amp#27;[90m# calculator.StepDefinitions.i_have_entered_and_in_the_calculator_to_divide_them(java.lang.Double,java.lang.Double)&amp#27;[0m
  &amp#27;[32mThen &amp#27;[0m&amp#27;[32moutput of the division should be &amp#27;[0m&amp#27;[32m&amp#27;[1m1.5&amp#27;[0m                        &amp#27;[90m# calculator.StepDefinitions.output_of_the_division_should_be(java.lang.Double)&amp#27;[0m
]]></system-out>
  </testcase>
  <testcase name="Example #1" classname="Examples" time="0.01">
    <system-out><![CDATA[
Scenario: IsPrime?                                              &amp#27;[90m# calculator/esprimo.feature:11&amp#27;[0m
  &amp#27;[32mGiven &amp#27;[0m&amp#27;[32mThe calculator is running&amp#27;[0m                               &amp#27;[90m# calculator.StepDefinitions.the_calculator_is_running()&amp#27;[0m
  &amp#27;[32mWhen &amp#27;[0m&amp#27;[32mI have entered &amp#27;[0m&amp#27;[32m&amp#27;[1m7&amp#27;[0m&amp#27;[32m in the calculator to see if it is prime&amp#27;[0m &amp#27;[90m# calculator.StepDefinitions.i_have_entered_in_the_calculator_to_see_if_it_is_prime(java.lang.Integer)&amp#27;[0m
  &amp#27;[32mThen &amp#27;[0m&amp#27;[32moutput should be &amp#27;[0m&amp#27;[32m&amp#27;[1m"true"&amp#27;[0m                                  &amp#27;[90m# calculator.StepDefinitions.output_should_be(java.lang.String)&amp#27;[0m
]]></system-out>
  </testcase>
  <testcase name="Example #1" classname="Examples" time="0.005">
    <system-out><![CDATA[
Scenario: Subtraction two numbers                                       &amp#27;[90m# calculator/resta.feature:11&amp#27;[0m
  &amp#27;[32mGiven &amp#27;[0m&amp#27;[32mThe calculator is running&amp#27;[0m                                       &amp#27;[90m# calculator.StepDefinitions.the_calculator_is_running()&amp#27;[0m
  &amp#27;[32mWhen &amp#27;[0m&amp#27;[32mI have entered &amp#27;[0m&amp#27;[32m&amp#27;[1m2.0&amp#27;[0m&amp#27;[32m and &amp#27;[0m&amp#27;[32m&amp#27;[1m1.0&amp#27;[0m&amp#27;[32m in the calculator to subtraction them&amp#27;[0m &amp#27;[90m# calculator.StepDefinitions.i_have_entered_and_in_the_calculator_to_subtraction_them(java.lang.Double,java.lang.Double)&amp#27;[0m
  &amp#27;[32mThen &amp#27;[0m&amp#27;[32moutput of the subtraction should be &amp#27;[0m&amp#27;[32m&amp#27;[1m1.0&amp#27;[0m                          &amp#27;[90m# calculator.StepDefinitions.output_of_the_subtraction_should_be(java.lang.Double)&amp#27;[0m
]]></system-out>
  </testcase>
  <testcase name="Example #2" classname="Examples" time="0.005">
    <system-out><![CDATA[
Scenario: IsPrime?                                              &amp#27;[90m# calculator/esprimo.feature:12&amp#27;[0m
  &amp#27;[32mGiven &amp#27;[0m&amp#27;[32mThe calculator is running&amp#27;[0m                               &amp#27;[90m# calculator.StepDefinitions.the_calculator_is_running()&amp#27;[0m
  &amp#27;[32mWhen &amp#27;[0m&amp#27;[32mI have entered &amp#27;[0m&amp#27;[32m&amp#27;[1m4&amp#27;[0m&amp#27;[32m in the calculator to see if it is prime&amp#27;[0m &amp#27;[90m# calculator.StepDefinitions.i_have_entered_in_the_calculator_to_see_if_it_is_prime(java.lang.Integer)&amp#27;[0m
  &amp#27;[32mThen &amp#27;[0m&amp#27;[32moutput should be &amp#27;[0m&amp#27;[32m&amp#27;[1m"false"&amp#27;[0m                                 &amp#27;[90m# calculator.StepDefinitions.output_should_be(java.lang.String)&amp#27;[0m
]]></system-out>
  </testcase>
  <testcase name="Example #2" classname="Examples" time="0.006">
    <system-out><![CDATA[
Scenario: Subtraction two numbers                                        &amp#27;[90m# calculator/resta.feature:12&amp#27;[0m
  &amp#27;[32mGiven &amp#27;[0m&amp#27;[32mThe calculator is running&amp#27;[0m                                        &amp#27;[90m# calculator.StepDefinitions.the_calculator_is_running()&amp#27;[0m
  &amp#27;[32mWhen &amp#27;[0m&amp#27;[32mI have entered &amp#27;[0m&amp#27;[32m&amp#27;[1m10.2&amp#27;[0m&amp#27;[32m and &amp#27;[0m&amp#27;[32m&amp#27;[1m8.2&amp#27;[0m&amp#27;[32m in the calculator to subtraction them&amp#27;[0m &amp#27;[90m# calculator.StepDefinitions.i_have_entered_and_in_the_calculator_to_subtraction_them(java.lang.Double,java.lang.Double)&amp#27;[0m
  &amp#27;[32mThen &amp#27;[0m&amp#27;[32moutput of the subtraction should be &amp#27;[0m&amp#27;[32m&amp#27;[1m2.0&amp#27;[0m                           &amp#27;[90m# calculator.StepDefinitions.output_of_the_subtraction_should_be(java.lang.Double)&amp#27;[0m
]]></system-out>
  </testcase>
  <testcase name="The factorial of two numbers" classname="Factorial" time="0.005">
    <system-out><![CDATA[
Scenario: The factorial of two numbers                               &amp#27;[90m# calculator/factorial.feature:4&amp#27;[0m
  &amp#27;[32mGiven &amp#27;[0m&amp#27;[32mThe calculator is running&amp#27;[0m                                    &amp#27;[90m# calculator.StepDefinitions.the_calculator_is_running()&amp#27;[0m
  &amp#27;[32mWhen &amp#27;[0m&amp#27;[32mI have entered &amp#27;[0m&amp#27;[32m&amp#27;[1m3&amp#27;[0m&amp#27;[32m in the calculator to calculate his factorial&amp#27;[0m &amp#27;[90m# calculator.StepDefinitions.i_have_entered_in_the_calculator_to_calculate_his_factorial(java.lang.Integer)&amp#27;[0m
  &amp#27;[32mThen &amp#27;[0m&amp#27;[32moutput of the factorial should be &amp#27;[0m&amp#27;[32m&amp#27;[1m6&amp#27;[0m                           &amp#27;[90m# calculator.StepDefinitions.output_of_the_factorial_should_be(java.lang.Integer)&amp#27;[0m
]]></system-out>
  </testcase>
  <testcase name="Multiply two numbers" classname="Multiply" time="0.006">
    <system-out><![CDATA[
Scenario: Multiply two numbers                                     &amp#27;[90m# calculator/mult.feature:4&amp#27;[0m
  &amp#27;[32mGiven &amp#27;[0m&amp#27;[32mThe calculator is running&amp#27;[0m                                  &amp#27;[90m# calculator.StepDefinitions.the_calculator_is_running()&amp#27;[0m
  &amp#27;[32mWhen &amp#27;[0m&amp#27;[32mI have entered &amp#27;[0m&amp#27;[32m&amp#27;[1m5.0&amp#27;[0m&amp#27;[32m * &amp#27;[0m&amp#27;[32m&amp#27;[1m5.0&amp#27;[0m&amp#27;[32m in the calculator to multiply them&amp#27;[0m &amp#27;[90m# calculator.StepDefinitions.i_have_entered_in_the_calculator_to_multiply_them(java.lang.Double,java.lang.Double)&amp#27;[0m
  &amp#27;[32mThen &amp#27;[0m&amp#27;[32moutput of the multiplication should be &amp#27;[0m&amp#27;[32m&amp#27;[1m25.0&amp#27;[0m                 &amp#27;[90m# calculator.StepDefinitions.output_of_the_multiplication_should_be(java.lang.Double)&amp#27;[0m
]]></system-out>
  </testcase>
  <testcase name="Sum two numbers" classname="Sum" time="0.005">
    <system-out><![CDATA[
Scenario: Sum two numbers                                       &amp#27;[90m# calculator/suma.feature:4&amp#27;[0m
  &amp#27;[32mGiven &amp#27;[0m&amp#27;[32mThe calculator is running&amp#27;[0m                               &amp#27;[90m# calculator.StepDefinitions.the_calculator_is_running()&amp#27;[0m
  &amp#27;[32mWhen &amp#27;[0m&amp#27;[32mI have entered &amp#27;[0m&amp#27;[32m&amp#27;[1m4.0&amp#27;[0m&amp#27;[32m and &amp#27;[0m&amp#27;[32m&amp#27;[1m3.0&amp#27;[0m&amp#27;[32m in the calculator to sum them&amp#27;[0m &amp#27;[90m# calculator.StepDefinitions.i_have_entered_and_in_the_calculator_to_sum_them(java.lang.Double,java.lang.Double)&amp#27;[0m
  &amp#27;[32mThen &amp#27;[0m&amp#27;[32moutput of the sum should be &amp#27;[0m&amp#27;[32m&amp#27;[1m7.0&amp#27;[0m                          &amp#27;[90m# calculator.StepDefinitions.output_of_the_sum_should_be(java.lang.Double)&amp#27;[0m
]]></system-out>
  </testcase>
</testsuite>